<?xml version="1.0" encoding="UTF-8"?>
<testng-results ignored="0" total="1" passed="1" failed="0" skipped="0">
  <reporter-output>
  </reporter-output>
  <suite started-at="2023-05-07T16:22:49 BDT" name="Default suite" finished-at="2023-05-07T16:22:52 BDT" duration-ms="2915">
    <groups>
    </groups>
    <test started-at="2023-05-07T16:22:49 BDT" name="Default test" finished-at="2023-05-07T16:22:52 BDT" duration-ms="2915">
      <class name="com.faceBookLoginTest.FacebookLoginTest">
        <test-method is-config="true" signature="init()[pri:0, instance:com.faceBookLoginTest.FacebookLoginTest@2c767a52]" started-at="2023-05-07T16:22:49 BDT" name="init" finished-at="2023-05-07T16:22:52 BDT" duration-ms="2594" status="PASS">
          <reporter-output>
          </reporter-output>
        </test-method> <!-- init -->
        <test-method signature="LoginTest()[pri:0, instance:com.faceBookLoginTest.FacebookLoginTest@2c767a52]" started-at="2023-05-07T16:22:52 BDT" name="LoginTest" finished-at="2023-05-07T16:22:52 BDT" duration-ms="270" status="PASS">
          <reporter-output>
          </reporter-output>
        </test-method> <!-- LoginTest -->
      </class> <!-- com.faceBookLoginTest.FacebookLoginTest -->
    </test> <!-- Default test -->
  </suite> <!-- Default suite -->
</testng-results>
